:: Reading: /home/g/mise-work/zmk-firmware/zmk/app/bizarresque.mk -> ../../kbd/zmk-bizarresque/bizarresque.mk
::   Board:   seeeduino_xiao_ble
::   Shield:  bizarresque
::   KBD_PID: 615e
 /home/g/mise-work/zmk-firmware/kbd/zmk-bizarresque
[ ! -d /home/g/mise-work/zmk-firmware/kbd/zmk-bizarresque/zmk-modules/zmk-pmw3610-driver ] && git clone https://github.com/badjeff/zmk-pmw3610-driver.git /home/g/mise-work/zmk-firmware/kbd/zmk-bizarresque/zmk-modules/zmk-pmw3610-driver || true
[ ! -d /home/g/mise-work/zmk-firmware/kbd/zmk-bizarresque/zmk-modules/zmk-analog-input-driver ] && git clone https://github.com/badjeff/zmk-analog-input-driver.git /home/g/mise-work/zmk-firmware/kbd/zmk-bizarresque/zmk-analog-input-driver || true
west build  --pristine \
            --board seeeduino_xiao_ble \
             \
             \
            --  -DSHIELD=bizarresque \
                 \
                -DZMK_CONFIG='/home/g/mise-work/zmk-firmware/kbd/zmk-bizarresque/config' \
                -DZMK_EXTRA_MODULES='/home/g/mise-work/zmk-firmware/kbd/zmk-bizarresque/zmk-modules/zmk-pmw3610-driver' \
                -DZMK_EXTRA_MODULES='/home/g/mise-work/zmk-firmware/kbd/zmk-bizarresque/zmk-modules/zmk-analog-input-driver'
-- west build: making build dir /home/g/mise-work/zmk-firmware/zmk/app/build pristine
-- west build: generating a build system
-- Application: /home/g/mise-work/zmk-firmware/zmk/app
-- CMake version: 4.0.1-dirty
-- Found Python3: /home/g/mise-work/zmk-firmware/.venv/bin/python (found suitable version "3.12.7", minimum required is "3.8") found components: Interpreter
-- Cache files will be written to: /home/g/.cache/zephyr
-- Zephyr version: 3.5.0 (/home/g/mise-work/zmk-firmware/zmk/zephyr)
-- Found west (found suitable version "1.3.0", minimum required is "0.14.0")
-- Adding ZMK config directory as board root: /home/g/mise-work/zmk-firmware/kbd/zmk-bizarresque/config
-- Adding /home/g/mise-work/zmk-firmware/kbd/zmk-bizarresque/config/boards/shields/bizarresque
-- ZMK Config directory: /home/g/mise-work/zmk-firmware/kbd/zmk-bizarresque/config
-- Using keymap file: /home/g/mise-work/zmk-firmware/kbd/zmk-bizarresque/config/boards/shields/bizarresque/bizarresque.keymap
-- Board: seeeduino_xiao_ble
-- Shield(s): bizarresqu
-- ZEPHYR_TOOLCHAIN_VARIANT not set, trying to locate Zephyr SDK
-- Found host-tools: zephyr 0.16.3 (/home/g/zephyr-sdk-0.16.3)
-- Found toolchain: zephyr 0.16.3 (/home/g/zephyr-sdk-0.16.3)
-- Found Dtc: /home/g/zephyr-sdk-0.16.3/sysroots/x86_64-pokysdk-linux/usr/bin/dtc (found suitable version "1.6.0", minimum required is "1.4.6")
-- Found BOARD.dts: /home/g/mise-work/zmk-firmware/zmk/zephyr/boards/arm/seeeduino_xiao_ble/seeeduino_xiao_ble.dts
-- Found devicetree overlay: /home/g/mise-work/zmk-firmware/zmk/app/boards/seeeduino_xiao_ble.overlay
-- Found devicetree overlay: /home/g/mise-work/zmk-firmware/kbd/zmk-bizarresque/config/boards/shields/bizarresque/bizarresque.overlay
-- Found devicetree overlay: /home/g/mise-work/zmk-firmware/kbd/zmk-bizarresque/config/boards/shields/bizarresque/bizarresque.keymap
-- Generated zephyr.dts: /home/g/mise-work/zmk-firmware/zmk/app/build/zephyr/zephyr.dts
-- Generated devicetree_generated.h: /home/g/mise-work/zmk-firmware/zmk/app/build/zephyr/include/generated/devicetree_generated.h
-- Including generated dts.cmake file: /home/g/mise-work/zmk-firmware/zmk/app/build/zephyr/dts.cmake
Parsing /home/g/mise-work/zmk-firmware/zmk/app/Kconfig
Loaded configuration '/home/g/mise-work/zmk-firmware/zmk/zephyr/boards/arm/seeeduino_xiao_ble/seeeduino_xiao_ble_defconfig'
Merged configuration '/home/g/mise-work/zmk-firmware/zmk/app/prj.conf'
Merged configuration '/home/g/mise-work/zmk-firmware/zmk/app/boards/seeeduino_xiao_ble.conf'
Merged configuration '/home/g/mise-work/zmk-firmware/kbd/zmk-bizarresque/config/boards/shields/bizarresque/bizarresque.conf'
-- Configuring incomplete, errors occurred!
