:: Reading: /home/g/mise-work/zmk-firmware/zmk/app/bizarresque.mk -> ../../kbd/zmk-bizarresque/bizarresque.mk
::   Board:   seeeduino_xiao_ble
::   Shield:  bizarresque
::   KBD_PID: 615e
 /home/g/mise-work/zmk-firmware/kbd/zmk-bizarresque
[ ! -d /home/g/mise-work/zmk-firmware/kbd/zmk-bizarresque/zmk-modules/zmk-pmw3610-driver ] && git clone https://github.com/badjeff/zmk-pmw3610-driver.git /home/g/mise-work/zmk-firmware/kbd/zmk-bizarresque/zmk-modules/zmk-pmw3610-driver || true
west build  --pristine \
            --board seeeduino_xiao_ble \
             \
            --snippet studio-rpc-usb-uart \
            --  -DSHIELD=bizarresque \
                -DCONFIG_ZMK_STUDIO=y -DCONFIG_ZMK_STUDIO_LOCKING=n \
                -DZMK_CONFIG='/home/g/mise-work/zmk-firmware/kbd/zmk-bizarresque/config' \
                -DZMK_EXTRA_MODULES='/home/g/mise-work/zmk-firmware/kbd/zmk-bizarresque/zmk-modules/zmk-pmw3610-driver'
-- west build: making build dir /home/g/mise-work/zmk-firmware/zmk/app/build pristine
-- west build: generating a build system
-- Application: /home/g/mise-work/zmk-firmware/zmk/app
-- CMake version: 4.0.1-dirty
-- Found Python3: /home/g/mise-work/zmk-firmware/.venv/bin/python (found suitable version "3.12.7", minimum required is "3.8") found components: Interpreter
-- Cache files will be written to: /home/g/.cache/zephyr
-- Zephyr version: 3.5.0 (/home/g/mise-work/zmk-firmware/zmk/zephyr)
-- Found west (found suitable version "1.3.0", minimum required is "0.14.0")
-- Adding ZMK config directory as board root: /home/g/mise-work/zmk-firmware/kbd/zmk-bizarresque/config
-- Adding /home/g/mise-work/zmk-firmware/kbd/zmk-bizarresque/config/boards/shields/bizarresque
-- ZMK Config directory: /home/g/mise-work/zmk-firmware/kbd/zmk-bizarresque/config
-- Using keymap file: /home/g/mise-work/zmk-firmware/kbd/zmk-bizarresque/config/boards/shields/bizarresque/bizarresque.keymap
-- Board: seeeduino_xiao_ble
-- Shield(s): bizarresque
-- Snippet(s): studio-rpc-usb-uart
-- ZEPHYR_TOOLCHAIN_VARIANT not set, trying to locate Zephyr SDK
-- Found host-tools: zephyr 0.16.3 (/home/g/zephyr-sdk-0.16.3)
-- Found toolchain: zephyr 0.16.3 (/home/g/zephyr-sdk-0.16.3)
-- Found Dtc: /home/g/zephyr-sdk-0.16.3/sysroots/x86_64-pokysdk-linux/usr/bin/dtc (found suitable version "1.6.0", minimum required is "1.4.6")
-- Found BOARD.dts: /home/g/mise-work/zmk-firmware/zmk/zephyr/boards/arm/seeeduino_xiao_ble/seeeduino_xiao_ble.dts
-- Found devicetree overlay: /home/g/mise-work/zmk-firmware/zmk/app/boards/seeeduino_xiao_ble.overlay
-- Found devicetree overlay: /home/g/mise-work/zmk-firmware/kbd/zmk-bizarresque/config/boards/shields/bizarresque/bizarresque.overlay
-- Found devicetree overlay: /home/g/mise-work/zmk-firmware/kbd/zmk-bizarresque/config/boards/shields/bizarresque/bizarresque.keymap
-- Found devicetree overlay: /home/g/mise-work/zmk-firmware/zmk/app/snippets/studio-rpc-usb-uart/studio-rpc-usb-uart.overlay
-- Generated zephyr.dts: /home/g/mise-work/zmk-firmware/zmk/app/build/zephyr/zephyr.dts
-- Generated devicetree_generated.h: /home/g/mise-work/zmk-firmware/zmk/app/build/zephyr/include/generated/devicetree_generated.h
-- Including generated dts.cmake file: /home/g/mise-work/zmk-firmware/zmk/app/build/zephyr/dts.cmake
Parsing /home/g/mise-work/zmk-firmware/zmk/app/Kconfig
Loaded configuration '/home/g/mise-work/zmk-firmware/zmk/zephyr/boards/arm/seeeduino_xiao_ble/seeeduino_xiao_ble_defconfig'
Merged configuration '/home/g/mise-work/zmk-firmware/zmk/app/prj.conf'
Merged configuration '/home/g/mise-work/zmk-firmware/zmk/app/boards/seeeduino_xiao_ble.conf'
Merged configuration '/home/g/mise-work/zmk-firmware/kbd/zmk-bizarresque/config/boards/shields/bizarresque/bizarresque.conf'
Merged configuration '/home/g/mise-work/zmk-firmware/zmk/app/snippets/studio-rpc-usb-uart/studio-rpc-usb-uart.conf'
Merged configuration '/home/g/mise-work/zmk-firmware/zmk/app/build/zephyr/misc/generated/extra_kconfig_options.conf'
Configuration saved to '/home/g/mise-work/zmk-firmware/zmk/app/build/zephyr/.config'
Kconfig header saved to '/home/g/mise-work/zmk-firmware/zmk/app/build/zephyr/include/generated/autoconf.h'
-- Found GnuLd: /home/g/zephyr-sdk-0.16.3/arm-zephyr-eabi/bin/../lib/gcc/arm-zephyr-eabi/12.2.0/../../../../arm-zephyr-eabi/bin/ld.bfd (found version "2.38")
-- The C compiler identification is GNU 12.2.0
-- The CXX compiler identification is GNU 12.2.0
-- The ASM compiler identification is GNU
-- Found assembler: /home/g/zephyr-sdk-0.16.3/arm-zephyr-eabi/bin/arm-zephyr-eabi-gcc
-- Found Nanopb: /home/g/mise-work/zmk-firmware/zmk/modules/lib/nanopb
-- Found protoc: /home/g/mise-work/zmk-firmware/zmk/modules/lib/nanopb/generator/protoc
-- Found Nanopb: /home/g/mise-work/zmk-firmware/zmk/modules/lib/nanopb
-- Configuring done (3.4s)
-- Generating done (0.1s)
-- Build files have been written to: /home/g/mise-work/zmk-firmware/zmk/app/build
-- west build: building application
[1/360] Preparing syscall dependency handling

[2/360] Generating include/generated/app_version.h
[3/360] Generating include/generated/version.h
-- Zephyr version: 3.5.0 (/home/g/mise-work/zmk-firmware/zmk/zephyr), build: 0fa4cc26d8b1
[4/360] Generating misc/generated/syscalls_subdirs.trigger
[5/360] Generating misc/generated/syscalls.json, misc/generated/struct_tags.json
[6/360] Generating include/generated/syscall_dispatch.c, include/generated/syscall_list.h
[7/360] Generating include/generated/driver-validation.h
[8/360] Generating include/generated/kobj-types-enum.h, include/generated/otype-to-str.h, include/generated/otype-to-size.h
[9/360] Building C object zephyr/CMakeFiles/offsets.dir/arch/arm/core/offsets/offsets.c.obj
[10/360] Generating include/generated/offsets.h
[11/360] Generating nanopb/generator/nanopb_generator.py, nanopb/generator/proto/nanopb.proto
[12/360] Building C object zephyr/CMakeFiles/zephyr.dir/lib/crc/crc32_sw.c.obj
[13/360] Building C object zephyr/CMakeFiles/zephyr.dir/lib/crc/crc32c_sw.c.obj
[14/360] Building C object zephyr/CMakeFiles/zephyr.dir/lib/crc/crc7_sw.c.obj
[15/360] Building C object zephyr/CMakeFiles/zephyr.dir/lib/crc/crc8_sw.c.obj
[16/360] Building C object zephyr/CMakeFiles/zephyr.dir/lib/crc/crc4_sw.c.obj
[17/360] Building C object zephyr/CMakeFiles/zephyr.dir/lib/os/dec.c.obj
[18/360] Building C object zephyr/CMakeFiles/zephyr.dir/lib/crc/crc16_sw.c.obj
[19/360] Building C object zephyr/CMakeFiles/zephyr.dir/lib/os/hex.c.obj
[20/360] Building C object zephyr/arch/common/CMakeFiles/isr_tables.dir/isr_tables.c.obj
[21/360] Building C object zephyr/CMakeFiles/zephyr.dir/lib/os/timeutil.c.obj
[22/360] Building C object zephyr/CMakeFiles/zephyr.dir/lib/os/multi_heap.c.obj
[23/360] Building C object zephyr/CMakeFiles/zephyr.dir/lib/os/printk.c.obj
[24/360] Building C object zephyr/CMakeFiles/zephyr.dir/lib/os/thread_entry.c.obj
[25/360] Building C object zephyr/CMakeFiles/zephyr.dir/lib/os/sem.c.obj
[26/360] Building C object zephyr/CMakeFiles/zephyr.dir/lib/os/notify.c.obj
[27/360] Building ASM object zephyr/CMakeFiles/zephyr.dir/soc/arm/nordic_nrf/common/soc_nrf_common.S.obj
[28/360] Building C object zephyr/CMakeFiles/zephyr.dir/misc/generated/configs.c.obj
[29/360] Building C object zephyr/CMakeFiles/zephyr.dir/lib/os/bitarray.c.obj
[30/360] Generating nanopb/generator/proto/nanopb_pb2.py
[31/360] Building C object zephyr/CMakeFiles/zephyr.dir/lib/os/heap.c.obj
[32/360] Building C object zephyr/CMakeFiles/zephyr.dir/lib/os/heap-validate.c.obj
[33/360] Building C object zephyr/CMakeFiles/zephyr.dir/lib/os/cbprintf_packaged.c.obj
[34/360] Building C object zephyr/CMakeFiles/zephyr.dir/lib/os/cbprintf_nano.c.obj
[35/360] Building C object zephyr/CMakeFiles/zephyr.dir/lib/os/rb.c.obj
[36/360] Building C object zephyr/CMakeFiles/zephyr.dir/lib/os/reboot.c.obj
[37/360] Building C object zephyr/CMakeFiles/zephyr.dir/lib/os/onoff.c.obj
[38/360] Building C object zephyr/CMakeFiles/zephyr.dir/lib/os/assert.c.obj
[39/360] Building C object zephyr/CMakeFiles/zephyr.dir/lib/os/ring_buffer.c.obj
[40/360] Building C object zephyr/CMakeFiles/zephyr.dir/soc/arm/nordic_nrf/validate_base_addresses.c.obj
[41/360] Building C object zephyr/CMakeFiles/zephyr.dir/soc/arm/nordic_nrf/validate_enabled_instances.c.obj
[42/360] Building C object zephyr/CMakeFiles/zephyr.dir/subsys/tracing/tracing_none.c.obj
[43/360] Building C object zephyr/CMakeFiles/zephyr.dir/subsys/mem_mgmt/mem_attr.c.obj
[44/360] Building C object zephyr/CMakeFiles/zephyr.dir/subsys/storage/flash_map/flash_map.c.obj
[45/360] Building C object zephyr/CMakeFiles/zephyr.dir/subsys/storage/flash_map/flash_map_layout.c.obj
[46/360] Building C object zephyr/CMakeFiles/zephyr.dir/subsys/storage/flash_map/flash_map_default.c.obj
[47/360] Building C object zephyr/CMakeFiles/zephyr.dir/subsys/pm/device.c.obj
[48/360] Building C object zephyr/CMakeFiles/zephyr.dir/subsys/net/lib/utils/addr_utils.c.obj
[49/360] Building C object zephyr/CMakeFiles/zephyr.dir/subsys/usb/device/usb_work_q.c.obj
[50/360] Building C object zephyr/CMakeFiles/zephyr.dir/subsys/bluetooth/services/bas.c.obj
[51/360] Building C object zephyr/CMakeFiles/zephyr.dir/subsys/bluetooth/services/dis.c.obj
[52/360] Building C object zephyr/CMakeFiles/zephyr.dir/subsys/usb/device/usb_transfer.c.obj
[53/360] Building C object zephyr/CMakeFiles/zephyr.dir/subsys/settings/src/settings_store.c.obj
[54/360] Building C object zephyr/CMakeFiles/zephyr.dir/home/g/mise-work/zmk-firmware/zmk/modules/crypto/tinycrypt/lib/source/utils.c.obj
[55/360] Building C object zephyr/CMakeFiles/zephyr.dir/subsys/settings/src/settings_init.c.obj
[56/360] Building C object zephyr/CMakeFiles/zephyr.dir/subsys/fs/nvs/nvs.c.obj
[57/360] Building C object zephyr/CMakeFiles/zephyr.dir/subsys/settings/src/settings.c.obj
[58/360] Building C object zephyr/CMakeFiles/zephyr.dir/home/g/mise-work/zmk-firmware/zmk/modules/crypto/tinycrypt/lib/source/ecc_dh.c.obj
[59/360] Running C++ protocol buffer compiler using nanopb plugin on /home/g/mise-work/zmk-firmware/zmk/modules/msgs/zmk-studio-messages/proto/zmk/meta.proto
[60/360] Running C++ protocol buffer compiler using nanopb plugin on /home/g/mise-work/zmk-firmware/zmk/modules/msgs/zmk-studio-messages/proto/zmk/core.proto
[61/360] Building C object zephyr/CMakeFiles/zephyr.dir/subsys/settings/src/settings_line.c.obj
[62/360] Running C++ protocol buffer compiler using nanopb plugin on /home/g/mise-work/zmk-firmware/zmk/modules/msgs/zmk-studio-messages/proto/zmk/studio.proto
[63/360] Running C++ protocol buffer compiler using nanopb plugin on /home/g/mise-work/zmk-firmware/zmk/modules/msgs/zmk-studio-messages/proto/zmk/behaviors.proto
[64/360] Linking C static library zephyr/arch/common/libisr_tables.a
[65/360] Building C object zephyr/CMakeFiles/zephyr.dir/home/g/mise-work/zmk-firmware/zmk/modules/crypto/tinycrypt/lib/source/cmac_mode.c.obj
[66/360] Building C object zephyr/CMakeFiles/zephyr.dir/home/g/mise-work/zmk-firmware/zmk/modules/crypto/tinycrypt/lib/source/aes_decrypt.c.obj
[67/360] Building C object zephyr/CMakeFiles/zephyr.dir/home/g/mise-work/zmk-firmware/zmk/modules/crypto/tinycrypt/lib/source/aes_encrypt.c.obj
[68/360] Building C object zephyr/CMakeFiles/zephyr.dir/subsys/settings/src/settings_nvs.c.obj
[69/360] Building ASM object zephyr/arch/arch/arm/core/CMakeFiles/arch__arm__core.dir/nmi_on_reset.S.obj
[70/360] Building C object zephyr/CMakeFiles/zephyr.dir/subsys/usb/device/usb_descriptor.c.obj
[71/360] Building ASM object zephyr/arch/arch/arm/core/cortex_m/CMakeFiles/arch__arm__core__cortex_m.dir/fault_s.S.obj
[72/360] Running C++ protocol buffer compiler using nanopb plugin on /home/g/mise-work/zmk-firmware/zmk/modules/msgs/zmk-studio-messages/proto/zmk/keymap.proto
[73/360] Generating linker_zephyr_pre0.cmd
[74/360] Building C object zephyr/arch/common/CMakeFiles/arch__common.dir/sw_isr_common.c.obj
[75/360] Building ASM object zephyr/arch/arch/arm/core/cortex_m/CMakeFiles/arch__arm__core__cortex_m.dir/exc_exit.S.obj
[76/360] Building ASM object zephyr/arch/arch/arm/core/cortex_m/CMakeFiles/arch__arm__core__cortex_m.dir/reset.S.obj
[77/360] Building C object zephyr/arch/arch/arm/core/CMakeFiles/arch__arm__core.dir/nmi.c.obj
[78/360] Building C object CMakeFiles/app.dir/src/stdlib.c.obj
[79/360] Building C object zephyr/arch/arch/arm/core/CMakeFiles/arch__arm__core.dir/tls.c.obj
[80/360] Building C object zephyr/arch/arch/arm/core/cortex_m/CMakeFiles/arch__arm__core__cortex_m.dir/irq_init.c.obj
[81/360] Building C object zephyr/arch/arch/arm/core/cortex_m/CMakeFiles/arch__arm__core__cortex_m.dir/fpu.c.obj
[82/360] Building C object zephyr/CMakeFiles/zephyr.dir/home/g/mise-work/zmk-firmware/zmk/modules/crypto/tinycrypt/lib/source/ecc.c.obj
[83/360] Building C object CMakeFiles/app.dir/src/matrix_transform.c.obj
[84/360] Building C object zephyr/arch/arch/arm/core/CMakeFiles/arch__arm__core.dir/fatal.c.obj
[85/360] Building C object CMakeFiles/app.dir/src/activity.c.obj
[86/360] Building C object zephyr/CMakeFiles/zephyr.dir/subsys/usb/device/class/cdc_acm.c.obj
[87/360] Building C object CMakeFiles/app.dir/src/ext_power_generic.c.obj
[88/360] Building C object CMakeFiles/app.dir/src/events/position_state_changed.c.obj
[89/360] Building C object CMakeFiles/app.dir/src/events/activity_state_changed.c.obj
[90/360] Building C object CMakeFiles/app.dir/src/event_manager.c.obj
[91/360] Building C object CMakeFiles/app.dir/src/sensors.c.obj
[92/360] Building C object CMakeFiles/app.dir/src/events/sensor_event.c.obj
[93/360] Building C object CMakeFiles/app.dir/src/physical_layouts.c.obj
[94/360] Building C object zephyr/arch/arch/arm/core/cortex_m/CMakeFiles/arch__arm__core__cortex_m.dir/fault.c.obj
[95/360] Building C object CMakeFiles/app.dir/src/events/usb_conn_state_changed.c.obj
[96/360] Building C object CMakeFiles/app.dir/src/behavior.c.obj
[97/360] Building C object zephyr/CMakeFiles/zephyr.dir/subsys/usb/device/usb_device.c.obj
[98/360] Building C object CMakeFiles/app.dir/src/behaviors/behavior_reset.c.obj
[99/360] Building C object CMakeFiles/app.dir/src/pointing/input_listener.c.obj
[100/360] Building C object CMakeFiles/app.dir/src/behaviors/behavior_ext_power.c.obj
[101/360] Building C object CMakeFiles/app.dir/src/behaviors/behavior_key_toggle.c.obj
[102/360] Building C object CMakeFiles/app.dir/src/behaviors/behavior_key_press.c.obj
[103/360] Building C object CMakeFiles/app.dir/src/pointing/input_processor_behaviors.c.obj
[104/360] Building C object CMakeFiles/app.dir/src/behaviors/behavior_key_repeat.c.obj
[105/360] Building C object CMakeFiles/app.dir/src/behaviors/behavior_momentary_layer.c.obj
[106/360] Building C object CMakeFiles/app.dir/src/behaviors/behavior_outputs.c.obj
[107/360] Building C object CMakeFiles/app.dir/src/behaviors/behavior_caps_word.c.obj
[108/360] Building C object CMakeFiles/app.dir/src/behaviors/behavior_mod_morph.c.obj
[109/360] Building C object CMakeFiles/app.dir/src/behaviors/behavior_transparent.c.obj
[110/360] Building C object CMakeFiles/app.dir/src/behaviors/behavior_toggle_layer.c.obj
[111/360] Building C object CMakeFiles/app.dir/src/behaviors/behavior_sticky_key.c.obj
[112/360] Building C object CMakeFiles/app.dir/src/behaviors/behavior_to_layer.c.obj
[113/360] Building C object CMakeFiles/app.dir/src/behaviors/behavior_none.c.obj
[114/360] Building C object CMakeFiles/app.dir/src/behaviors/behavior_sensor_rotate_var.c.obj
[115/360] Building C object CMakeFiles/app.dir/src/behaviors/behavior_studio_unlock.c.obj
[116/360] Building C object CMakeFiles/app.dir/src/behaviors/behavior_sensor_rotate_common.c.obj
[117/360] Building C object CMakeFiles/app.dir/src/behaviors/behavior_mouse_key_press.c.obj
[118/360] Building C object CMakeFiles/app.dir/src/conditional_layer.c.obj
[119/360] Building C object CMakeFiles/app.dir/src/hid.c.obj
[120/360] Building C object CMakeFiles/app.dir/src/combo.c.obj
[121/360] Building C object CMakeFiles/app.dir/src/events/endpoint_changed.c.obj
[122/360] Building C object CMakeFiles/app.dir/src/behavior_queue.c.obj
[123/360] Building C object CMakeFiles/app.dir/src/events/layer_state_changed.c.obj
[124/360] Building C object CMakeFiles/app.dir/src/events/keycode_state_changed.c.obj
[125/360] Building C object CMakeFiles/app.dir/src/events/ble_active_profile_changed.c.obj
[126/360] Building C object CMakeFiles/app.dir/src/behaviors/behavior_input_two_axis.c.obj
[127/360] Building C object CMakeFiles/app.dir/src/events/modifiers_state_changed.c.obj
[128/360] Building C object CMakeFiles/app.dir/src/behaviors/behavior_hold_tap.c.obj
[129/360] Building C object CMakeFiles/app.dir/src/events/battery_state_changed.c.obj
[130/360] Building C object CMakeFiles/app.dir/proto/zmk/studio.pb.c.obj
[131/360] Building C object CMakeFiles/app.dir/src/behaviors/behavior_bt.c.obj
[132/360] Building C object CMakeFiles/app.dir/src/hid_listener.c.obj
[133/360] Building C object CMakeFiles/app.dir/proto/zmk/meta.pb.c.obj
[134/360] Building C object CMakeFiles/app.dir/src/workqueue.c.obj
[135/360] Building C object CMakeFiles/app.dir/proto/zmk/behaviors.pb.c.obj
[136/360] Building C object CMakeFiles/app.dir/src/main.c.obj
[137/360] Building C object CMakeFiles/app.dir/proto/zmk/core.pb.c.obj
[138/360] Building C object CMakeFiles/app.dir/src/endpoints.c.obj
[139/360] Building C object CMakeFiles/app.dir/src/usb.c.obj
[140/360] Building C object CMakeFiles/app.dir/proto/zmk/keymap.pb.c.obj
[141/360] Building C object CMakeFiles/app.dir/src/battery.c.obj
[142/360] Building C object CMakeFiles/app.dir/src/usb_hid.c.obj
[143/360] Building C object CMakeFiles/app.dir/src/studio/core.c.obj
[144/360] Building C object CMakeFiles/app.dir/src/settings/reset_settings_nvs.c.obj
[145/360] Building C object CMakeFiles/app.dir/src/studio/msg_framing.c.obj
[146/360] Building C object zephyr/arch/arch/arm/core/cortex_m/CMakeFiles/arch__arm__core__cortex_m.dir/scb.c.obj
[147/360] Building C object CMakeFiles/app.dir/src/hog.c.obj
[148/360] Building ASM object zephyr/arch/arch/arm/core/cortex_m/CMakeFiles/arch__arm__core__cortex_m.dir/vector_table.S.obj
[149/360] Building C object CMakeFiles/app.dir/src/studio/core_subsystem.c.obj
[150/360] Building ASM object zephyr/arch/arch/arm/core/cortex_m/CMakeFiles/arch__arm__core__cortex_m.dir/cpu_idle.S.obj
[151/360] Building C object CMakeFiles/app.dir/src/studio/uart_rpc_transport.c.obj
[152/360] Building ASM object zephyr/arch/arch/arm/core/cortex_m/CMakeFiles/arch__arm__core__cortex_m.dir/__aeabi_read_tp.S.obj
[153/360] Building ASM object zephyr/arch/arch/arm/core/cortex_m/CMakeFiles/arch__arm__core__cortex_m.dir/swap_helper.S.obj
[154/360] Building C object zephyr/arch/arch/arm/core/cortex_m/CMakeFiles/arch__arm__core__cortex_m.dir/swap.c.obj
[155/360] Building C object zephyr/arch/arch/arm/core/cortex_m/CMakeFiles/arch__arm__core__cortex_m.dir/thread_abort.c.obj
[156/360] Building ASM object zephyr/arch/arch/arm/core/cortex_m/CMakeFiles/arch__arm__core__cortex_m.dir/isr_wrapper.S.obj
[157/360] Building C object CMakeFiles/app.dir/src/studio/rpc.c.obj
[158/360] Building C object zephyr/arch/arch/arm/core/cortex_m/CMakeFiles/arch__arm__core__cortex_m.dir/irq_manage.c.obj
[159/360] Building C object zephyr/arch/arch/arm/core/cortex_m/CMakeFiles/arch__arm__core__cortex_m.dir/thread.c.obj
[160/360] Building C object zephyr/arch/arch/arm/core/cortex_m/CMakeFiles/arch__arm__core__cortex_m.dir/prep_c.c.obj
[161/360] Building C object CMakeFiles/app.dir/src/studio/behavior_subsystem.c.obj
[162/360] Building C object CMakeFiles/app.dir/src/studio/gatt_rpc_transport.c.obj
[163/360] Building C object zephyr/arch/arch/arm/core/mpu/CMakeFiles/arch__arm__core__mpu.dir/arm_core_mpu.c.obj
[164/360] Building C object zephyr/soc/soc/arm/common/cortex_m/CMakeFiles/soc__arm__common__cortex_m.dir/arm_mpu_regions.c.obj
[165/360] Building C object zephyr/subsys/bluetooth/common/CMakeFiles/subsys__bluetooth__common.dir/addr.c.obj
[166/360] Building C object zephyr/subsys/random/CMakeFiles/subsys__random.dir/rand32_entropy_device.c.obj
[167/360] Building C object zephyr/lib/libc/common/CMakeFiles/lib__libc__common.dir/source/stdlib/abort.c.obj
[168/360] Building C object zephyr/lib/libc/common/CMakeFiles/lib__libc__common.dir/source/stdlib/malloc.c.obj
[169/360] Building C object zephyr/lib/libc/picolibc/CMakeFiles/lib__libc__picolibc.dir/libc-hooks.c.obj
[170/360] Building C object zephyr/soc/soc/arm/nordic_nrf/nrf52/CMakeFiles/soc__arm__nordic_nrf__nrf52.dir/soc.c.obj
[171/360] Building C object CMakeFiles/app.dir/src/keymap.c.obj
[172/360] Building C object CMakeFiles/app.dir/src/ble.c.obj
[173/360] Building C object zephyr/subsys/random/CMakeFiles/subsys__random.dir/rand32_xoshiro128.c.obj
[174/360] Building C object zephyr/arch/arch/arm/core/mpu/CMakeFiles/arch__arm__core__mpu.dir/arm_mpu.c.obj
[175/360] Building C object zephyr/subsys/bluetooth/common/CMakeFiles/subsys__bluetooth__common.dir/dummy.c.obj
[176/360] Building C object zephyr/subsys/bluetooth/host/CMakeFiles/subsys__bluetooth__host.dir/addr.c.obj
[177/360] Building C object zephyr/subsys/bluetooth/common/CMakeFiles/subsys__bluetooth__common.dir/bt_str.c.obj
[178/360] Building C object CMakeFiles/app.dir/src/studio/keymap_subsystem.c.obj
[179/360] Building C object zephyr/subsys/bluetooth/host/CMakeFiles/subsys__bluetooth__host.dir/uuid.c.obj
[180/360] Building C object zephyr/subsys/bluetooth/common/CMakeFiles/subsys__bluetooth__common.dir/rpa.c.obj
[181/360] Building C object zephyr/subsys/bluetooth/host/CMakeFiles/subsys__bluetooth__host.dir/long_wq.c.obj
[182/360] Building C object zephyr/subsys/bluetooth/host/CMakeFiles/subsys__bluetooth__host.dir/buf.c.obj
[183/360] Building C object zephyr/subsys/bluetooth/host/CMakeFiles/subsys__bluetooth__host.dir/hci_common.c.obj
[184/360] Building C object zephyr/subsys/bluetooth/host/CMakeFiles/subsys__bluetooth__host.dir/data.c.obj
[185/360] Building C object zephyr/subsys/bluetooth/host/CMakeFiles/subsys__bluetooth__host.dir/hci_ecc.c.obj
[186/360] Building C object zephyr/subsys/usb/device/class/hid/CMakeFiles/subsys__usb__device__class__hid.dir/core.c.obj
[187/360] Building C object zephyr/subsys/bluetooth/controller/CMakeFiles/subsys__bluetooth__controller.dir/util/mem.c.obj
[188/360] Building C object zephyr/subsys/bluetooth/host/CMakeFiles/subsys__bluetooth__host.dir/settings.c.obj
[189/360] Building C object zephyr/subsys/bluetooth/host/CMakeFiles/subsys__bluetooth__host.dir/ecc.c.obj
[190/360] Building C object zephyr/subsys/bluetooth/controller/CMakeFiles/subsys__bluetooth__controller.dir/util/memq.c.obj
[191/360] Building C object zephyr/subsys/bluetooth/controller/CMakeFiles/subsys__bluetooth__controller.dir/util/util.c.obj
[192/360] Building C object zephyr/subsys/bluetooth/controller/CMakeFiles/subsys__bluetooth__controller.dir/util/mayfly.c.obj
[193/360] Building C object zephyr/subsys/bluetooth/controller/CMakeFiles/subsys__bluetooth__controller.dir/util/dbuf.c.obj
[194/360] Building C object zephyr/subsys/bluetooth/host/CMakeFiles/subsys__bluetooth__host.dir/adv.c.obj
[195/360] Building C object zephyr/subsys/bluetooth/host/CMakeFiles/subsys__bluetooth__host.dir/l2cap.c.obj
[196/360] Building C object zephyr/subsys/bluetooth/controller/CMakeFiles/subsys__bluetooth__controller.dir/ll_sw/ll_feat.c.obj
[197/360] Building C object zephyr/subsys/bluetooth/controller/CMakeFiles/subsys__bluetooth__controller.dir/ll_sw/ll_tx_pwr.c.obj
[198/360] Building C object zephyr/subsys/bluetooth/controller/CMakeFiles/subsys__bluetooth__controller.dir/ll_sw/ll_addr.c.obj
[199/360] Building C object zephyr/subsys/bluetooth/crypto/CMakeFiles/subsys__bluetooth__crypto.dir/bt_crypto.c.obj
[200/360] Building C object zephyr/subsys/bluetooth/controller/CMakeFiles/subsys__bluetooth__controller.dir/ll_sw/lll_common.c.obj
[201/360] Building C object zephyr/subsys/bluetooth/host/CMakeFiles/subsys__bluetooth__host.dir/keys.c.obj
[202/360] Building C object zephyr/subsys/bluetooth/host/CMakeFiles/subsys__bluetooth__host.dir/id.c.obj
[203/360] Building C object zephyr/subsys/bluetooth/controller/CMakeFiles/subsys__bluetooth__controller.dir/ll_sw/ull_tx_queue.c.obj
[204/360] Building C object zephyr/subsys/bluetooth/controller/CMakeFiles/subsys__bluetooth__controller.dir/ll_sw/ull_llcp_enc.c.obj
[205/360] Building C object zephyr/subsys/bluetooth/controller/CMakeFiles/subsys__bluetooth__controller.dir/ll_sw/ull.c.obj
[206/360] Building C object zephyr/subsys/bluetooth/controller/CMakeFiles/subsys__bluetooth__controller.dir/ll_sw/ull_llcp_phy.c.obj
[207/360] Building C object zephyr/subsys/bluetooth/controller/CMakeFiles/subsys__bluetooth__controller.dir/ll_sw/ull_adv.c.obj
[208/360] Building C object zephyr/subsys/bluetooth/controller/CMakeFiles/subsys__bluetooth__controller.dir/hci/hci_driver.c.obj
[209/360] Building C object zephyr/subsys/bluetooth/controller/CMakeFiles/subsys__bluetooth__controller.dir/ticker/ticker.c.obj
[210/360] Building C object zephyr/subsys/bluetooth/host/CMakeFiles/subsys__bluetooth__host.dir/conn.c.obj
[211/360] Building C object zephyr/subsys/bluetooth/controller/CMakeFiles/subsys__bluetooth__controller.dir/ll_sw/ull_llcp_common.c.obj
[212/360] Building C object zephyr/subsys/bluetooth/controller/CMakeFiles/subsys__bluetooth__controller.dir/ll_sw/ull_llcp_chmu.c.obj
[213/360] Building C object zephyr/subsys/bluetooth/controller/CMakeFiles/subsys__bluetooth__controller.dir/ll_sw/ull_llcp_local.c.obj
[214/360] Building C object zephyr/subsys/bluetooth/controller/CMakeFiles/subsys__bluetooth__controller.dir/ll_sw/ull_chan.c.obj
[215/360] Building C object zephyr/subsys/bluetooth/controller/CMakeFiles/subsys__bluetooth__controller.dir/ll_sw/ull_llcp.c.obj
[216/360] Building C object zephyr/subsys/bluetooth/controller/CMakeFiles/subsys__bluetooth__controller.dir/ll_sw/ull_conn.c.obj
[217/360] Building C object zephyr/subsys/bluetooth/host/CMakeFiles/subsys__bluetooth__host.dir/smp.c.obj
[218/360] Building C object zephyr/subsys/bluetooth/controller/CMakeFiles/subsys__bluetooth__controller.dir/ll_sw/ull_llcp_remote.c.obj
[219/360] Building C object zephyr/subsys/bluetooth/controller/CMakeFiles/subsys__bluetooth__controller.dir/ll_sw/ull_llcp_pdu.c.obj
[220/360] Building C object zephyr/subsys/bluetooth/controller/CMakeFiles/subsys__bluetooth__controller.dir/ll_sw/ull_llcp_conn_upd.c.obj
[221/360] Building C object zephyr/subsys/bluetooth/controller/CMakeFiles/subsys__bluetooth__controller.dir/ll_sw/ull_peripheral.c.obj
[222/360] Building C object zephyr/subsys/bluetooth/controller/CMakeFiles/subsys__bluetooth__controller.dir/hci/hci.c.obj
[223/360] Building C object zephyr/subsys/bluetooth/controller/CMakeFiles/subsys__bluetooth__controller.dir/ll_sw/lll_chan.c.obj
[224/360] Building C object zephyr/subsys/bluetooth/controller/CMakeFiles/subsys__bluetooth__controller.dir/crypto/crypto.c.obj
[225/360] Building C object zephyr/subsys/bluetooth/controller/CMakeFiles/subsys__bluetooth__controller.dir/flash/soc_flash_nrf_ticker.c.obj
[226/360] Building C object zephyr/subsys/bluetooth/controller/CMakeFiles/subsys__bluetooth__controller.dir/ll_sw/nordic/lll/lll_clock.c.obj
[227/360] Building C object zephyr/subsys/bluetooth/controller/CMakeFiles/subsys__bluetooth__controller.dir/ll_sw/nordic/lll/lll_peripheral.c.obj
[228/360] Building C object zephyr/subsys/bluetooth/controller/CMakeFiles/subsys__bluetooth__controller.dir/ll_sw/nordic/hal/nrf5/cntr.c.obj
[229/360] Building C object zephyr/subsys/bluetooth/host/CMakeFiles/subsys__bluetooth__host.dir/gatt.c.obj
[230/360] Building C object zephyr/subsys/bluetooth/controller/CMakeFiles/subsys__bluetooth__controller.dir/ll_sw/nordic/hal/nrf5/mayfly.c.obj
[231/360] Building C object zephyr/subsys/bluetooth/host/CMakeFiles/subsys__bluetooth__host.dir/att.c.obj
[232/360] Building C object zephyr/subsys/bluetooth/controller/CMakeFiles/subsys__bluetooth__controller.dir/ll_sw/nordic/hal/nrf5/ecb.c.obj
[233/360] Building C object zephyr/subsys/bluetooth/controller/CMakeFiles/subsys__bluetooth__controller.dir/ll_sw/nordic/hal/nrf5/ticker.c.obj
[234/360] Building C object zephyr/subsys/bluetooth/controller/CMakeFiles/subsys__bluetooth__controller.dir/ll_sw/nordic/lll/lll.c.obj
[235/360] Building C object zephyr/subsys/bluetooth/controller/CMakeFiles/subsys__bluetooth__controller.dir/ll_sw/nordic/lll/lll_conn.c.obj
[236/360] Building C object zephyr/subsys/bluetooth/controller/CMakeFiles/subsys__bluetooth__controller.dir/hci/nordic/hci_vendor.c.obj
[237/360] Building C object zephyr/subsys/input/CMakeFiles/subsys__input.dir/input_utils.c.obj
[238/360] Building C object zephyr/subsys/bluetooth/controller/CMakeFiles/subsys__bluetooth__controller.dir/ll_sw/nordic/lll/lll_adv.c.obj
[239/360] Building C object zephyr/subsys/input/CMakeFiles/subsys__input.dir/input.c.obj
[240/360] Building C object zephyr/drivers/adc/CMakeFiles/drivers__adc.dir/adc_common.c.obj
[241/360] Building C object zephyr/subsys/bluetooth/controller/CMakeFiles/subsys__bluetooth__controller.dir/ll_sw/ull_filter.c.obj
[242/360] Building C object zephyr/subsys/bluetooth/host/CMakeFiles/subsys__bluetooth__host.dir/hci_core.c.obj
[243/360] Building C object zephyr/drivers/entropy/CMakeFiles/drivers__entropy.dir/entropy_bt_hci.c.obj
[244/360] Building C object zephyr/drivers/flash/CMakeFiles/drivers__flash.dir/flash_page_layout.c.obj
[245/360] Building C object zephyr/subsys/net/CMakeFiles/subsys__net.dir/buf.c.obj
[246/360] Building C object zephyr/drivers/entropy/CMakeFiles/drivers__entropy.dir/entropy_nrf5.c.obj
[247/360] Building C object zephyr/subsys/net/CMakeFiles/subsys__net.dir/buf_simple.c.obj
[248/360] Building C object zephyr/drivers/clock_control/CMakeFiles/drivers__clock_control.dir/clock_control_nrf.c.obj
[249/360] Building C object zephyr/subsys/bluetooth/controller/CMakeFiles/subsys__bluetooth__controller.dir/ll_sw/nordic/hal/nrf5/radio/radio.c.obj
[250/360] Building C object zephyr/drivers/flash/CMakeFiles/drivers__flash.dir/jesd216.c.obj
[251/360] Building C object zephyr/drivers/adc/CMakeFiles/drivers__adc.dir/adc_nrfx_saadc.c.obj
[252/360] Building C object zephyr/drivers/hwinfo/CMakeFiles/drivers__hwinfo.dir/hwinfo_weak_impl.c.obj
[253/360] Building C object zephyr/drivers/serial/CMakeFiles/drivers__serial.dir/home/g/mise-work/zmk-firmware/zmk/zephyr/misc/empty_file.c.obj
[254/360] Building C object zephyr/drivers/pinctrl/CMakeFiles/drivers__pinctrl.dir/common.c.obj
[255/360] Building C object zephyr/drivers/kscan/CMakeFiles/drivers__kscan.dir/home/g/mise-work/zmk-firmware/zmk/app/module/drivers/kscan/kscan_gpio.c.obj
[256/360] Building C object zephyr/drivers/flash/CMakeFiles/drivers__flash.dir/soc_flash_nrf.c.obj
[257/360] Building C object zephyr/drivers/gpio/CMakeFiles/drivers__gpio.dir/home/g/mise-work/zmk-firmware/zmk/app/module/drivers/gpio/gpio_595.c.obj
[258/360] Building C object modules/nanopb/CMakeFiles/modules__nanopb.dir/home/g/mise-work/zmk-firmware/zmk/modules/lib/nanopb/pb_common.c.obj
[259/360] Building C object zephyr/drivers/timer/CMakeFiles/drivers__timer.dir/sys_clock_init.c.obj
[260/360] Building C object zephyr/drivers/sensor/nrf5/CMakeFiles/drivers__sensor__nrf5.dir/temp_nrf5.c.obj
[261/360] Building C object zephyr/drivers/gpio/CMakeFiles/drivers__gpio.dir/gpio_nrfx.c.obj
[262/360] Building C object zephyr/drivers/hwinfo/CMakeFiles/drivers__hwinfo.dir/hwinfo_nrf.c.obj
[263/360] Building C object modules/hal_nordic/nrfx/CMakeFiles/modules__hal_nordic__nrfx.dir/home/g/mise-work/zmk-firmware/zmk/modules/hal/nordic/nrfx/mdk/system_nrf52840.c.obj
[264/360] Building C object zephyr/drivers/pinctrl/CMakeFiles/drivers__pinctrl.dir/pinctrl_nrf.c.obj
[265/360] Building C object modules/nanopb/CMakeFiles/modules__nanopb.dir/home/g/mise-work/zmk-firmware/zmk/modules/lib/nanopb/pb_encode.c.obj
[266/360] Building C object zephyr/drivers/timer/CMakeFiles/drivers__timer.dir/nrf_rtc_timer.c.obj
[267/360] Building C object modules/hal_nordic/nrfx/CMakeFiles/modules__hal_nordic__nrfx.dir/nrfx_glue.c.obj
[268/360] Building C object zephyr/drivers/spi/CMakeFiles/drivers__spi.dir/spi_nrfx_common.c.obj
[269/360] Building C object modules/hal_nordic/nrfx/CMakeFiles/modules__hal_nordic__nrfx.dir/home/g/mise-work/zmk-firmware/zmk/modules/hal/nordic/nrfx/helpers/nrfx_flag32_allocator.c.obj
[270/360] Building C object modules/nanopb/CMakeFiles/modules__nanopb.dir/home/g/mise-work/zmk-firmware/zmk/modules/lib/nanopb/pb_decode.c.obj
[271/360] Building C object zephyr/drivers/kscan/CMakeFiles/drivers__kscan.dir/home/g/mise-work/zmk-firmware/zmk/app/module/drivers/kscan/kscan_gpio_matrix.c.obj
[272/360] Building C object modules/hal_nordic/nrfx/CMakeFiles/modules__hal_nordic__nrfx.dir/home/g/mise-work/zmk-firmware/zmk/modules/hal/nordic/nrfx/drivers/src/nrfx_nvmc.c.obj
[273/360] Building C object modules/hal_nordic/nrfx/CMakeFiles/modules__hal_nordic__nrfx.dir/home/g/mise-work/zmk-firmware/zmk/modules/hal/nordic/nrfx/drivers/src/nrfx_power.c.obj
[274/360] Building C object modules/hal_nordic/nrfx/CMakeFiles/modules__hal_nordic__nrfx.dir/home/g/mise-work/zmk-firmware/zmk/modules/hal/nordic/nrfx/drivers/src/nrfx_clock.c.obj
[275/360] Building C object zephyr/drivers/flash/CMakeFiles/drivers__flash.dir/nrf_qspi_nor.c.obj
[276/360] Building C object modules/module/drivers/sensor/battery/CMakeFiles/..__app__module__drivers__sensor__battery.dir/battery_common.c.obj
[277/360] Building C object modules/module/lib/zmk_debounce/CMakeFiles/..__app__module__lib__zmk_debounce.dir/debounce.c.obj
[278/360] Building C object zephyr/kernel/CMakeFiles/kernel.dir/main_weak.c.obj
[279/360] Building C object zephyr/drivers/usb/device/CMakeFiles/drivers__usb__device.dir/usb_dc_nrfx.c.obj
[280/360] Building C object zephyr/kernel/CMakeFiles/kernel.dir/banner.c.obj
[281/360] Building C object zephyr/kernel/CMakeFiles/kernel.dir/device.c.obj
[282/360] Building C object zephyr/kernel/CMakeFiles/kernel.dir/busy_wait.c.obj
[283/360] Building C object modules/module/drivers/sensor/battery/CMakeFiles/..__app__module__drivers__sensor__battery.dir/battery_voltage_divider.c.obj
[284/360] Building C object modules/module/drivers/sensor/ec11/CMakeFiles/..__app__module__drivers__sensor__ec11.dir/ec11_trigger.c.obj
[285/360] Building C object modules/module/drivers/sensor/ec11/CMakeFiles/..__app__module__drivers__sensor__ec11.dir/ec11.c.obj
[286/360] Building C object modules/hal_nordic/nrfx/CMakeFiles/modules__hal_nordic__nrfx.dir/home/g/mise-work/zmk-firmware/zmk/modules/hal/nordic/nrfx/drivers/src/nrfx_qspi.c.obj
[287/360] Building C object zephyr/kernel/CMakeFiles/kernel.dir/version.c.obj
[288/360] Building C object zephyr/kernel/CMakeFiles/kernel.dir/kheap.c.obj
[289/360] Building C object zephyr/kernel/CMakeFiles/kernel.dir/errno.c.obj
[290/360] Building C object zephyr/drivers/spi/CMakeFiles/drivers__spi.dir/spi_nrfx_spim.c.obj
[291/360] Building C object zephyr/kernel/CMakeFiles/kernel.dir/mem_slab.c.obj
[292/360] Building C object zephyr/kernel/CMakeFiles/kernel.dir/fatal.c.obj
[293/360] Building C object zephyr/kernel/CMakeFiles/kernel.dir/init.c.obj
[294/360] Building C object zephyr/kernel/CMakeFiles/kernel.dir/idle.c.obj
[295/360] Building C object modules/zmk-pmw3610-driver/CMakeFiles/..__..__kbd__zmk-bizarresque__zmk-modules__zmk-pmw3610-driver.dir/src/pmw3610.c.obj
[296/360] Building C object zephyr/kernel/CMakeFiles/kernel.dir/thread.c.obj
[297/360] Building C object zephyr/kernel/CMakeFiles/kernel.dir/mailbox.c.obj
[298/360] Building C object zephyr/kernel/CMakeFiles/kernel.dir/msg_q.c.obj
[299/360] Building C object zephyr/kernel/CMakeFiles/kernel.dir/sem.c.obj
[300/360] Building C object zephyr/kernel/CMakeFiles/kernel.dir/stack.c.obj
[301/360] Building C object zephyr/kernel/CMakeFiles/kernel.dir/system_work_q.c.obj
[302/360] Building C object modules/hal_nordic/nrfx/CMakeFiles/modules__hal_nordic__nrfx.dir/home/g/mise-work/zmk-firmware/zmk/modules/hal/nordic/nrfx/drivers/src/nrfx_gpiote.c.obj
[303/360] Building C object modules/hal_nordic/nrfx/CMakeFiles/modules__hal_nordic__nrfx.dir/home/g/mise-work/zmk-firmware/zmk/modules/hal/nordic/nrfx/drivers/src/nrfx_usbd.c.obj
[304/360] Building C object zephyr/kernel/CMakeFiles/kernel.dir/condvar.c.obj
[305/360] Building C object zephyr/kernel/CMakeFiles/kernel.dir/queue.c.obj
[306/360] Building C object zephyr/CMakeFiles/zephyr_pre0.dir/misc/empty_file.c.obj
[307/360] Building C object zephyr/kernel/CMakeFiles/kernel.dir/mutex.c.obj
[308/360] Linking C static library zephyr/arch/common/libarch__common.a
[309/360] Building C object zephyr/kernel/CMakeFiles/kernel.dir/mempool.c.obj
[310/360] Building C object zephyr/kernel/CMakeFiles/kernel.dir/xip.c.obj
[311/360] Building C object zephyr/kernel/CMakeFiles/kernel.dir/timer.c.obj
[312/360] Linking C static library zephyr/arch/arch/arm/core/libarch__arm__core.a
[313/360] Linking C static library zephyr/arch/arch/arm/core/mpu/libarch__arm__core__mpu.a
[314/360] Building C object zephyr/kernel/CMakeFiles/kernel.dir/dynamic_disabled.c.obj
[315/360] Linking C static library zephyr/arch/arch/arm/core/cortex_m/libarch__arm__core__cortex_m.a
[316/360] Linking C static library zephyr/libzephyr.a
[317/360] Linking C static library app/libapp.a
[318/360] Building C object zephyr/kernel/CMakeFiles/kernel.dir/timeout.c.obj
[319/360] Linking C static library zephyr/lib/libc/picolibc/liblib__libc__picolibc.a
[320/360] Linking C static library zephyr/soc/soc/arm/common/cortex_m/libsoc__arm__common__cortex_m.a
[321/360] Linking C static library zephyr/soc/soc/arm/nordic_nrf/nrf52/libsoc__arm__nordic_nrf__nrf52.a
[322/360] Linking C static library zephyr/subsys/random/libsubsys__random.a
[323/360] Linking C static library zephyr/lib/libc/common/liblib__libc__common.a
[324/360] Linking C static library zephyr/subsys/bluetooth/common/libsubsys__bluetooth__common.a
[325/360] Linking C static library zephyr/subsys/usb/device/class/hid/libsubsys__usb__device__class__hid.a
[326/360] Linking C static library zephyr/subsys/bluetooth/crypto/libsubsys__bluetooth__crypto.a
[327/360] Building C object modules/hal_nordic/nrfx/CMakeFiles/modules__hal_nordic__nrfx.dir/home/g/mise-work/zmk-firmware/zmk/modules/hal/nordic/nrfx/drivers/src/nrfx_spim.c.obj
[328/360] Linking C static library zephyr/subsys/input/libsubsys__input.a
[329/360] Linking C static library zephyr/subsys/net/libsubsys__net.a
[330/360] Linking C static library zephyr/drivers/clock_control/libdrivers__clock_control.a
[331/360] Building C object zephyr/kernel/CMakeFiles/kernel.dir/work.c.obj
[332/360] Linking C static library zephyr/drivers/adc/libdrivers__adc.a
[333/360] Linking C static library zephyr/drivers/usb/device/libdrivers__usb__device.a
[334/360] Linking C static library zephyr/drivers/entropy/libdrivers__entropy.a
[335/360] Linking C static library zephyr/drivers/flash/libdrivers__flash.a
[336/360] Linking C static library zephyr/drivers/gpio/libdrivers__gpio.a
[337/360] Linking C static library zephyr/drivers/hwinfo/libdrivers__hwinfo.a
[338/360] Linking C static library zephyr/subsys/bluetooth/host/libsubsys__bluetooth__host.a
[339/360] Linking C static library zephyr/drivers/pinctrl/libdrivers__pinctrl.a
[340/360] Linking C static library zephyr/drivers/kscan/libdrivers__kscan.a
[341/360] Linking C static library zephyr/drivers/serial/libdrivers__serial.a
[342/360] Linking C static library zephyr/drivers/sensor/nrf5/libdrivers__sensor__nrf5.a
[343/360] Linking C static library zephyr/drivers/spi/libdrivers__spi.a
[344/360] Linking C static library zephyr/drivers/timer/libdrivers__timer.a
[345/360] Linking C static library modules/zmk-pmw3610-driver/lib..__..__kbd__zmk-bizarresque__zmk-modules__zmk-pmw3610-driver.a
[346/360] Building C object zephyr/kernel/CMakeFiles/kernel.dir/poll.c.obj
[347/360] Linking C static library modules/module/drivers/sensor/battery/lib..__app__module__drivers__sensor__battery.a
[348/360] Linking C static library modules/nanopb/libmodules__nanopb.a
[349/360] Linking C static library zephyr/subsys/bluetooth/controller/libsubsys__bluetooth__controller.a
[350/360] Linking C static library modules/hal_nordic/nrfx/libmodules__hal_nordic__nrfx.a
[351/360] Linking C static library modules/module/lib/zmk_debounce/lib..__app__module__lib__zmk_debounce.a
[352/360] Linking C static library modules/module/drivers/sensor/ec11/lib..__app__module__drivers__sensor__ec11.a
[353/360] Building C object zephyr/kernel/CMakeFiles/kernel.dir/sched.c.obj
[354/360] Linking C static library zephyr/kernel/libkernel.a
[355/360] Linking C executable zephyr/zephyr_pre0.elf
[356/360] Generating linker.cmd
[357/360] Generating isr_tables.c, isrList.bin
[358/360] Building C object zephyr/CMakeFiles/zephyr_final.dir/misc/empty_file.c.obj
[359/360] Building C object zephyr/CMakeFiles/zephyr_final.dir/isr_tables.c.obj
[360/360] Linking C executable zephyr/zmk.elf
Memory region         Used Size  Region Size  %age Used
           FLASH:      220716 B       788 KB     27.35%
             RAM:       59850 B       256 KB     22.83%
        IDT_LIST:          0 GB         2 KB      0.00%
Converted to uf2, output size: 441856, start address: 0x27000
Wrote 441856 bytes to zmk.uf2
:: 2025-07-18 10:30 /home/g/mise-work/zmk-firmware/zmk/app/build/zephyr/zmk.uf2
::
:: Flashing: 2025-07-18 10:30 /home/g/mise-work/zmk-firmware/zmk/app/build/zephyr/zmk.uf2
::           UF2 firmware image, family Nordic NRF52840
:: DOUBLE CLICK RESET BUTTON ON XIAO!!

-- west flash: rebuilding
ninja: no work to do.
-- west flash: using runner uf2
-- runners.uf2: Copying UF2 file to '/media/XIAO-SENSE'
:: Name="ZMK Project BIZARRESQUE Keyboard"
Name="ZMK Project BIZARRESQUE Mouse"
[35m  1[0m [36m 65[0m  [93m0x1d50[0m [33m0x615e[0m [94mBIZARRESQUE      [0m [32mBEF12181FA6FC742[0m [95musb   [0m [35m 12.0 Mb/s[0m
:: done flashing.
